<?xml version="1.0" encoding="UTF-8"?>
<coverage generated="1574637837997" clover="3.2.0">
  <project timestamp="1574637837997" name="All files">
    <metrics statements="9" coveredstatements="7" conditionals="6" coveredconditionals="2" methods="6" coveredmethods="4" elements="21" coveredelements="13" complexity="0" loc="9" ncloc="9" packages="1" files="2" classes="2"/>
    <file name="Button.js" path="/Users/alejandroroman/code/react-native/rn-first-app/components/Buttons/Button.js">
      <metrics statements="3" coveredstatements="2" conditionals="0" coveredconditionals="0" methods="2" coveredmethods="1"/>
      <line num="5" count="1" type="stmt"/>
      <line num="13" count="1" type="stmt"/>
      <line num="16" count="0" type="stmt"/>
    </file>
    <file name="Button.styles.js" path="/Users/alejandroroman/code/react-native/rn-first-app/components/Buttons/Button.styles.js">
      <metrics statements="6" coveredstatements="5" conditionals="6" coveredconditionals="2" methods="4" coveredmethods="3"/>
      <line num="3" count="1" type="stmt"/>
      <line num="4" count="1" type="cond" truecount="1" falsecount="1"/>
      <line num="5" count="1" type="cond" truecount="1" falsecount="1"/>
      <line num="6" count="1" type="stmt"/>
      <line num="13" count="1" type="stmt"/>
      <line num="14" count="0" type="cond" truecount="0" falsecount="2"/>
    </file>
  </project>
</coverage>
