{"/Users/alejandroroman/code/react-native/rn-first-app/components/Buttons/Button.js": {"path":"/Users/alejandroroman/code/react-native/rn-first-app/components/Buttons/Button.js","statementMap":{"0":{"start":{"line":5,"column":15},"end":{"line":22,"column":1}},"1":{"start":{"line":13,"column":2},"end":{"line":21,"column":4}},"2":{"start":{"line":16,"column":49},"end":{"line":16,"column":77}}},"fnMap":{"0":{"name":"(anonymous_0)","decl":{"start":{"line":5,"column":15},"end":{"line":5,"column":16}},"loc":{"start":{"line":12,"column":6},"end":{"line":22,"column":1}},"line":12},"1":{"name":"(anonymous_1)","decl":{"start":{"line":16,"column":43},"end":{"line":16,"column":44}},"loc":{"start":{"line":16,"column":49},"end":{"line":16,"column":77}},"line":16}},"branchMap":{},"s":{"0":1,"1":1,"2":0},"f":{"0":1,"1":0},"b":{},"_coverageSchema":"43e27e138ebf9cfc5966b082cf9a028302ed4184","hash":"6f737577134843e7a3d8a325d067438713315077"}
,"/Users/alejandroroman/code/react-native/rn-first-app/components/Buttons/Button.styles.js": {"path":"/Users/alejandroroman/code/react-native/rn-first-app/components/Buttons/Button.styles.js","statementMap":{"0":{"start":{"line":3,"column":21},"end":{"line":11,"column":1}},"1":{"start":{"line":4,"column":27},"end":{"line":4,"column":46}},"2":{"start":{"line":5,"column":29},"end":{"line":5,"column":49}},"3":{"start":{"line":6,"column":37},"end":{"line":6,"column":61}},"4":{"start":{"line":13,"column":13},"end":{"line":17,"column":1}},"5":{"start":{"line":14,"column":34},"end":{"line":14,"column":58}}},"fnMap":{"0":{"name":"(anonymous_0)","decl":{"start":{"line":4,"column":11},"end":{"line":4,"column":12}},"loc":{"start":{"line":4,"column":27},"end":{"line":4,"column":46}},"line":4},"1":{"name":"(anonymous_1)","decl":{"start":{"line":5,"column":12},"end":{"line":5,"column":13}},"loc":{"start":{"line":5,"column":29},"end":{"line":5,"column":49}},"line":5},"2":{"name":"(anonymous_2)","decl":{"start":{"line":6,"column":22},"end":{"line":6,"column":23}},"loc":{"start":{"line":6,"column":37},"end":{"line":6,"column":61}},"line":6},"3":{"name":"(anonymous_3)","decl":{"start":{"line":14,"column":15},"end":{"line":14,"column":16}},"loc":{"start":{"line":14,"column":34},"end":{"line":14,"column":58}},"line":14}},"branchMap":{"0":{"loc":{"start":{"line":4,"column":27},"end":{"line":4,"column":46}},"type":"cond-expr","locations":[{"start":{"line":4,"column":35},"end":{"line":4,"column":40}},{"start":{"line":4,"column":43},"end":{"line":4,"column":46}}],"line":4},"1":{"loc":{"start":{"line":5,"column":29},"end":{"line":5,"column":49}},"type":"cond-expr","locations":[{"start":{"line":5,"column":38},"end":{"line":5,"column":44}},{"start":{"line":5,"column":47},"end":{"line":5,"column":49}}],"line":5},"2":{"loc":{"start":{"line":14,"column":34},"end":{"line":14,"column":58}},"type":"cond-expr","locations":[{"start":{"line":14,"column":45},"end":{"line":14,"column":53}},{"start":{"line":14,"column":56},"end":{"line":14,"column":58}}],"line":14}},"s":{"0":1,"1":1,"2":1,"3":1,"4":1,"5":0},"f":{"0":1,"1":1,"2":1,"3":0},"b":{"0":[0,1],"1":[0,1],"2":[0,0]},"_coverageSchema":"43e27e138ebf9cfc5966b082cf9a028302ed4184","hash":"cdbafd2caf992a55acc4ff019b947c70b5fb48d1"}
}
