TN:
SF:/Users/alejandroroman/code/react-native/rn-first-app/components/Buttons/Button.js
FN:5,(anonymous_0)
FN:16,(anonymous_1)
FNF:2
FNH:1
FNDA:1,(anonymous_0)
FNDA:0,(anonymous_1)
DA:5,1
DA:13,1
DA:16,0
LF:3
LH:2
BRF:0
BRH:0
end_of_record
TN:
SF:/Users/alejandroroman/code/react-native/rn-first-app/components/Buttons/Button.styles.js
FN:4,(anonymous_0)
FN:5,(anonymous_1)
FN:6,(anonymous_2)
FN:14,(anonymous_3)
FNF:4
FNH:3
FNDA:1,(anonymous_0)
FNDA:1,(anonymous_1)
FNDA:1,(anonymous_2)
FNDA:0,(anonymous_3)
DA:3,1
DA:4,1
DA:5,1
DA:6,1
DA:13,1
DA:14,0
LF:6
LH:5
BRDA:4,0,0,0
BRDA:4,0,1,1
BRDA:5,1,0,0
BRDA:5,1,1,1
BRDA:14,2,0,0
BRDA:14,2,1,0
BRF:6
BRH:2
end_of_record
